<?xml version="1.0" encoding="UTF-8"?><testrun name="RecipeTest" project="CoffeeMaker" tests="21" started="21" failures="1" errors="0" ignored="0">
  <testsuite name="edu.towson.cis.cosc442.project4.coffeemaker.RecipeTest" time="0.001">
    <testcase name="testSetAmtMilk_1" classname="edu.towson.cis.cosc442.project4.coffeemaker.RecipeTest" time="0.0"/>
    <testcase name="testSetAmtMilk_2" classname="edu.towson.cis.cosc442.project4.coffeemaker.RecipeTest" time="0.0"/>
    <testcase name="testSetAmtCoffee_1" classname="edu.towson.cis.cosc442.project4.coffeemaker.RecipeTest" time="0.0"/>
    <testcase name="testSetAmtCoffee_2" classname="edu.towson.cis.cosc442.project4.coffeemaker.RecipeTest" time="0.0"/>
    <testcase name="testGetAmtCoffee_1" classname="edu.towson.cis.cosc442.project4.coffeemaker.RecipeTest" time="0.0"/>
    <testcase name="testGetPrice_1" classname="edu.towson.cis.cosc442.project4.coffeemaker.RecipeTest" time="0.0"/>
    <testcase name="testGetAmtSugar_1" classname="edu.towson.cis.cosc442.project4.coffeemaker.RecipeTest" time="0.0"/>
    <testcase name="testGetAmtMilk_1" classname="edu.towson.cis.cosc442.project4.coffeemaker.RecipeTest" time="0.0"/>
    <testcase name="testSetAmtChocolate_1" classname="edu.towson.cis.cosc442.project4.coffeemaker.RecipeTest" time="0.0"/>
    <testcase name="testSetAmtChocolate_2" classname="edu.towson.cis.cosc442.project4.coffeemaker.RecipeTest" time="0.0"/>
    <testcase name="testToString_1" classname="edu.towson.cis.cosc442.project4.coffeemaker.RecipeTest" time="0.0"/>
    <testcase name="testSetName_1" classname="edu.towson.cis.cosc442.project4.coffeemaker.RecipeTest" time="0.0"/>
    <testcase name="testSetAmtSugar_1" classname="edu.towson.cis.cosc442.project4.coffeemaker.RecipeTest" time="0.0"/>
    <testcase name="testSetAmtSugar_2" classname="edu.towson.cis.cosc442.project4.coffeemaker.RecipeTest" time="0.0"/>
    <testcase name="testEquals_1" classname="edu.towson.cis.cosc442.project4.coffeemaker.RecipeTest" time="0.0"/>
    <testcase name="testEquals_2" classname="edu.towson.cis.cosc442.project4.coffeemaker.RecipeTest" time="0.0"/>
    <testcase name="testEquals_3" classname="edu.towson.cis.cosc442.project4.coffeemaker.RecipeTest" time="0.001">
      <failure>java.lang.AssertionError: expected:&lt;false&gt; but was:&lt;true&gt;&#13;
	at org.junit.Assert.fail(Assert.java:88)&#13;
	at org.junit.Assert.failNotEquals(Assert.java:834)&#13;
	at org.junit.Assert.assertEquals(Assert.java:118)&#13;
	at org.junit.Assert.assertEquals(Assert.java:144)&#13;
	at edu.towson.cis.cosc442.project4.coffeemaker.RecipeTest.testEquals_3(RecipeTest.java:70)&#13;
	at sun.reflect.NativeMethodAccessorImpl.invoke0(Native Method)&#13;
	at sun.reflect.NativeMethodAccessorImpl.invoke(Unknown Source)&#13;
	at sun.reflect.DelegatingMethodAccessorImpl.invoke(Unknown Source)&#13;
	at java.lang.reflect.Method.invoke(Unknown Source)&#13;
	at org.junit.runners.model.FrameworkMethod$1.runReflectiveCall(FrameworkMethod.java:50)&#13;
	at org.junit.internal.runners.model.ReflectiveCallable.run(ReflectiveCallable.java:12)&#13;
	at org.junit.runners.model.FrameworkMethod.invokeExplosively(FrameworkMethod.java:47)&#13;
	at org.junit.internal.runners.statements.InvokeMethod.evaluate(InvokeMethod.java:17)&#13;
	at org.junit.internal.runners.statements.RunBefores.evaluate(RunBefores.java:26)&#13;
	at org.junit.internal.runners.statements.RunAfters.evaluate(RunAfters.java:27)&#13;
	at org.junit.runners.ParentRunner.runLeaf(ParentRunner.java:325)&#13;
	at org.junit.runners.BlockJUnit4ClassRunner.runChild(BlockJUnit4ClassRunner.java:78)&#13;
	at org.junit.runners.BlockJUnit4ClassRunner.runChild(BlockJUnit4ClassRunner.java:57)&#13;
	at org.junit.runners.ParentRunner$3.run(ParentRunner.java:290)&#13;
	at org.junit.runners.ParentRunner$1.schedule(ParentRunner.java:71)&#13;
	at org.junit.runners.ParentRunner.runChildren(ParentRunner.java:288)&#13;
	at org.junit.runners.ParentRunner.access$000(ParentRunner.java:58)&#13;
	at org.junit.runners.ParentRunner$2.evaluate(ParentRunner.java:268)&#13;
	at org.junit.runners.ParentRunner.run(ParentRunner.java:363)&#13;
	at org.eclipse.jdt.internal.junit4.runner.JUnit4TestReference.run(JUnit4TestReference.java:86)&#13;
	at org.eclipse.jdt.internal.junit.runner.TestExecution.run(TestExecution.java:38)&#13;
	at org.eclipse.jdt.internal.junit.runner.RemoteTestRunner.runTests(RemoteTestRunner.java:459)&#13;
	at org.eclipse.jdt.internal.junit.runner.RemoteTestRunner.runTests(RemoteTestRunner.java:675)&#13;
	at org.eclipse.jdt.internal.junit.runner.RemoteTestRunner.run(RemoteTestRunner.java:382)&#13;
	at org.eclipse.jdt.internal.junit.runner.RemoteTestRunner.main(RemoteTestRunner.java:192)&#13;
&#13;
</failure>
    </testcase>
    <testcase name="testGetName_1" classname="edu.towson.cis.cosc442.project4.coffeemaker.RecipeTest" time="0.0"/>
    <testcase name="testGetAmtChocolate_1" classname="edu.towson.cis.cosc442.project4.coffeemaker.RecipeTest" time="0.0"/>
    <testcase name="testSetPrice_1" classname="edu.towson.cis.cosc442.project4.coffeemaker.RecipeTest" time="0.0"/>
    <testcase name="testSetPrice_2" classname="edu.towson.cis.cosc442.project4.coffeemaker.RecipeTest" time="0.0"/>
  </testsuite>
</testrun>
